  main.cpp
  SOIL.lib(SOIL.obj) : 找到 MSIL .netmodule 或使用 /GL 编译的模块；正在使用 /LTCG 重新启动链接；将 /LTCG 添加到链接命令行以改进链接器性能
LINK : warning LNK4075: 忽略“/INCREMENTAL”(由于“/LTCG”规范)
LINK : warning LNK4098: 默认库“LIBCMT”与其他库的使用冲突；请使用 /NODEFAULTLIB:library
LINK : warning LNK4098: 默认库“MSVCRT”与其他库的使用冲突；请使用 /NODEFAULTLIB:library
  正在生成代码
  已完成代码的生成
Shader.obj : warning LNK4049: 已导入本地定义的符号 ___glewAttachShader
Shader.obj : warning LNK4049: 已导入本地定义的符号 ___glewCompileShader
Shader.obj : warning LNK4049: 已导入本地定义的符号 ___glewCreateProgram
Shader.obj : warning LNK4049: 已导入本地定义的符号 ___glewCreateShader
Shader.obj : warning LNK4049: 已导入本地定义的符号 ___glewDeleteShader
Shader.obj : warning LNK4049: 已导入本地定义的符号 ___glewGetProgramInfoLog
Shader.obj : warning LNK4049: 已导入本地定义的符号 ___glewGetProgramiv
Shader.obj : warning LNK4049: 已导入本地定义的符号 ___glewGetShaderInfoLog
Shader.obj : warning LNK4049: 已导入本地定义的符号 ___glewGetShaderiv
Shader.obj : warning LNK4049: 已导入本地定义的符号 ___glewGetUniformLocation
Shader.obj : warning LNK4049: 已导入本地定义的符号 ___glewLinkProgram
Shader.obj : warning LNK4049: 已导入本地定义的符号 ___glewShaderSource
Shader.obj : warning LNK4049: 已导入本地定义的符号 ___glewUniform1f
Shader.obj : warning LNK4049: 已导入本地定义的符号 ___glewUseProgram
glew32s.lib(glew.obj) : warning LNK4099: 未找到 PDB“vc100.pdb”(使用“glew32s.lib(glew.obj)”或在“D:\Project\OpenGLSL\Debug\vc100.pdb”中寻找)；正在链接对象，如同没有调试信息一样
  Texture.vcxproj -> D:\Project\OpenGLSL\Debug\Texture.exe
